make --dry-run --always-make --keep-going --print-directory
make: Entering directory '/home/teyber/Workspace/libft'
gcc -Wall -Wextra -Werror -I. -g -D BUFFER_SIZE=32 -c ft_memset.c -o ft_memset.o
gcc -Wall -Wextra -Werror -I. -g -D BUFFER_SIZE=32 -c ft_bzero.c -o ft_bzero.o
gcc -Wall -Wextra -Werror -I. -g -D BUFFER_SIZE=32 -c ft_memcpy.c -o ft_memcpy.o
gcc -Wall -Wextra -Werror -I. -g -D BUFFER_SIZE=32 -c ft_memccpy.c -o ft_memccpy.o
gcc -Wall -Wextra -Werror -I. -g -D BUFFER_SIZE=32 -c ft_memmove.c -o ft_memmove.o
gcc -Wall -Wextra -Werror -I. -g -D BUFFER_SIZE=32 -c ft_memchr.c -o ft_memchr.o
gcc -Wall -Wextra -Werror -I. -g -D BUFFER_SIZE=32 -c ft_memcmp.c -o ft_memcmp.o
gcc -Wall -Wextra -Werror -I. -g -D BUFFER_SIZE=32 -c ft_strlen.c -o ft_strlen.o
gcc -Wall -Wextra -Werror -I. -g -D BUFFER_SIZE=32 -c ft_isalpha.c -o ft_isalpha.o
gcc -Wall -Wextra -Werror -I. -g -D BUFFER_SIZE=32 -c ft_isdigit.c -o ft_isdigit.o
gcc -Wall -Wextra -Werror -I. -g -D BUFFER_SIZE=32 -c ft_isalnum.c -o ft_isalnum.o
gcc -Wall -Wextra -Werror -I. -g -D BUFFER_SIZE=32 -c ft_isascii.c -o ft_isascii.o
gcc -Wall -Wextra -Werror -I. -g -D BUFFER_SIZE=32 -c ft_isprint.c -o ft_isprint.o
gcc -Wall -Wextra -Werror -I. -g -D BUFFER_SIZE=32 -c ft_toupper.c -o ft_toupper.o
gcc -Wall -Wextra -Werror -I. -g -D BUFFER_SIZE=32 -c ft_tolower.c -o ft_tolower.o
gcc -Wall -Wextra -Werror -I. -g -D BUFFER_SIZE=32 -c ft_strchr.c -o ft_strchr.o
gcc -Wall -Wextra -Werror -I. -g -D BUFFER_SIZE=32 -c ft_strrchr.c -o ft_strrchr.o
gcc -Wall -Wextra -Werror -I. -g -D BUFFER_SIZE=32 -c ft_strcmp.c -o ft_strcmp.o
gcc -Wall -Wextra -Werror -I. -g -D BUFFER_SIZE=32 -c ft_strncmp.c -o ft_strncmp.o
gcc -Wall -Wextra -Werror -I. -g -D BUFFER_SIZE=32 -c ft_strlcpy.c -o ft_strlcpy.o
gcc -Wall -Wextra -Werror -I. -g -D BUFFER_SIZE=32 -c ft_strlcat.c -o ft_strlcat.o
gcc -Wall -Wextra -Werror -I. -g -D BUFFER_SIZE=32 -c ft_strnstr.c -o ft_strnstr.o
gcc -Wall -Wextra -Werror -I. -g -D BUFFER_SIZE=32 -c ft_atoi.c -o ft_atoi.o
gcc -Wall -Wextra -Werror -I. -g -D BUFFER_SIZE=32 -c ft_calloc.c -o ft_calloc.o
gcc -Wall -Wextra -Werror -I. -g -D BUFFER_SIZE=32 -c ft_strdup.c -o ft_strdup.o
gcc -Wall -Wextra -Werror -I. -g -D BUFFER_SIZE=32 -c ft_substr.c -o ft_substr.o
gcc -Wall -Wextra -Werror -I. -g -D BUFFER_SIZE=32 -c ft_strjoin.c -o ft_strjoin.o
gcc -Wall -Wextra -Werror -I. -g -D BUFFER_SIZE=32 -c ft_strjoin_arr.c -o ft_strjoin_arr.o
gcc -Wall -Wextra -Werror -I. -g -D BUFFER_SIZE=32 -c ft_strtrim.c -o ft_strtrim.o
gcc -Wall -Wextra -Werror -I. -g -D BUFFER_SIZE=32 -c ft_split.c -o ft_split.o
gcc -Wall -Wextra -Werror -I. -g -D BUFFER_SIZE=32 -c ft_itoa.c -o ft_itoa.o
gcc -Wall -Wextra -Werror -I. -g -D BUFFER_SIZE=32 -c ft_strmapi.c -o ft_strmapi.o
gcc -Wall -Wextra -Werror -I. -g -D BUFFER_SIZE=32 -c ft_putchar_fd.c -o ft_putchar_fd.o
gcc -Wall -Wextra -Werror -I. -g -D BUFFER_SIZE=32 -c ft_putstr_fd.c -o ft_putstr_fd.o
gcc -Wall -Wextra -Werror -I. -g -D BUFFER_SIZE=32 -c ft_putendl_fd.c -o ft_putendl_fd.o
gcc -Wall -Wextra -Werror -I. -g -D BUFFER_SIZE=32 -c ft_putnbr_fd.c -o ft_putnbr_fd.o
gcc -Wall -Wextra -Werror -I. -g -D BUFFER_SIZE=32 -c ft_lstnew_bonus.c -o ft_lstnew_bonus.o
gcc -Wall -Wextra -Werror -I. -g -D BUFFER_SIZE=32 -c ft_lstadd_front_bonus.c -o ft_lstadd_front_bonus.o
gcc -Wall -Wextra -Werror -I. -g -D BUFFER_SIZE=32 -c ft_lstsize_bonus.c -o ft_lstsize_bonus.o
gcc -Wall -Wextra -Werror -I. -g -D BUFFER_SIZE=32 -c ft_lstlast_bonus.c -o ft_lstlast_bonus.o
gcc -Wall -Wextra -Werror -I. -g -D BUFFER_SIZE=32 -c ft_lstfirst_bonus.c -o ft_lstfirst_bonus.o
gcc -Wall -Wextra -Werror -I. -g -D BUFFER_SIZE=32 -c ft_lstadd_back_bonus.c -o ft_lstadd_back_bonus.o
gcc -Wall -Wextra -Werror -I. -g -D BUFFER_SIZE=32 -c ft_lstdelone_bonus.c -o ft_lstdelone_bonus.o
gcc -Wall -Wextra -Werror -I. -g -D BUFFER_SIZE=32 -c ft_lstclear_bonus.c -o ft_lstclear_bonus.o
gcc -Wall -Wextra -Werror -I. -g -D BUFFER_SIZE=32 -c ft_lstiter_bonus.c -o ft_lstiter_bonus.o
gcc -Wall -Wextra -Werror -I. -g -D BUFFER_SIZE=32 -c ft_lstmap_bonus.c -o ft_lstmap_bonus.o
gcc -Wall -Wextra -Werror -I. -g -D BUFFER_SIZE=32 -c ft_btree_apply_suffix.c -o ft_btree_apply_suffix.o
gcc -Wall -Wextra -Werror -I. -g -D BUFFER_SIZE=32 -c ft_btree_apply_infix.c -o ft_btree_apply_infix.o
gcc -Wall -Wextra -Werror -I. -g -D BUFFER_SIZE=32 -c ft_btree_apply_prefix.c -o ft_btree_apply_prefix.o
gcc -Wall -Wextra -Werror -I. -g -D BUFFER_SIZE=32 -c ft_btree_create_node.c -o ft_btree_create_node.o
gcc -Wall -Wextra -Werror -I. -g -D BUFFER_SIZE=32 -c ft_ternary.c -o ft_ternary.o
gcc -Wall -Wextra -Werror -I. -g -D BUFFER_SIZE=32 -c ft_assign.c -o ft_assign.o
gcc -Wall -Wextra -Werror -I. -g -D BUFFER_SIZE=32 -c ft_putptr.c -o ft_putptr.o
gcc -Wall -Wextra -Werror -I. -g -D BUFFER_SIZE=32 -c ft_printf.c -o ft_printf.o
gcc -Wall -Wextra -Werror -I. -g -D BUFFER_SIZE=32 -c ft_putchar.c -o ft_putchar.o
gcc -Wall -Wextra -Werror -I. -g -D BUFFER_SIZE=32 -c ft_putstr.c -o ft_putstr.o
gcc -Wall -Wextra -Werror -I. -g -D BUFFER_SIZE=32 -c ft_putunsigned.c -o ft_putunsigned.o
gcc -Wall -Wextra -Werror -I. -g -D BUFFER_SIZE=32 -c ft_flags.c -o ft_flags.o
gcc -Wall -Wextra -Werror -I. -g -D BUFFER_SIZE=32 -c ft_puthexa.c -o ft_puthexa.o
gcc -Wall -Wextra -Werror -I. -g -D BUFFER_SIZE=32 -c ft_putnbr.c -o ft_putnbr.o
gcc -Wall -Wextra -Werror -I. -g -D BUFFER_SIZE=32 -c ft_check_parse.c -o ft_check_parse.o
gcc -Wall -Wextra -Werror -I. -g -D BUFFER_SIZE=32 -c ft_nbr_utils.c -o ft_nbr_utils.o
gcc -Wall -Wextra -Werror -I. -g -D BUFFER_SIZE=32 -c get_next_line.c -o get_next_line.o
gcc -Wall -Wextra -Werror -I. -g -D BUFFER_SIZE=32 -c get_next_line_utils.c -o get_next_line_utils.o
ar rcs libft.a ./ft_memset.o ./ft_bzero.o ./ft_memcpy.o ./ft_memccpy.o ./ft_memmove.o ./ft_memchr.o ./ft_memcmp.o ./ft_strlen.o ./ft_isalpha.o ./ft_isdigit.o ./ft_isalnum.o ./ft_isascii.o ./ft_isprint.o ./ft_toupper.o ./ft_tolower.o ./ft_strchr.o ./ft_strrchr.o ./ft_strcmp.o ./ft_strncmp.o ./ft_strlcpy.o ./ft_strlcat.o ./ft_strnstr.o ./ft_atoi.o ./ft_calloc.o ./ft_strdup.o ./ft_substr.o ./ft_strjoin.o ./ft_strjoin_arr.o ./ft_strtrim.o ./ft_split.o ./ft_itoa.o ./ft_strmapi.o ./ft_putchar_fd.o ./ft_putstr_fd.o ./ft_putendl_fd.o ./ft_putnbr_fd.o ./ft_lstnew_bonus.o ./ft_lstadd_front_bonus.o ./ft_lstsize_bonus.o ./ft_lstlast_bonus.o ./ft_lstfirst_bonus.o ./ft_lstadd_back_bonus.o ./ft_lstdelone_bonus.o ./ft_lstclear_bonus.o ./ft_lstiter_bonus.o ./ft_lstmap_bonus.o ./ft_btree_apply_suffix.o ./ft_btree_apply_infix.o ./ft_btree_apply_prefix.o ./ft_btree_create_node.o ./ft_ternary.o ./ft_assign.o ./ft_putptr.o ./ft_printf.o ./ft_putchar.o ./ft_putstr.o ./ft_putunsigned.o ./ft_flags.o ./ft_puthexa.o ./ft_putnbr.o ./ft_check_parse.o ./ft_nbr_utils.o ./get_next_line.o ./get_next_line_utils.o
make: Leaving directory '/home/teyber/Workspace/libft'
 
